<?xml version="1.0" encoding="UTF-8"?>
<testsuite xmlns:xsi="http://www.w3.org/2001/XMLSchema-instance" xsi:noNamespaceSchemaLocation="https://maven.apache.org/surefire/maven-surefire-plugin/xsd/surefire-test-report.xsd" version="3.0.1" name="com.lukas.app.services.CommandLineArgumentsServiceTest" time="0.034" tests="3" errors="0" skipped="0" failures="0">
  <properties>
[...]
</properties>
  <testcase name="receiveSimilarityFlag_ExpectObjWithClassicSimilarity" classname="com.lukas.app.services.CommandLineArgumentsServiceTest" time="0.024"/>
  <testcase name="receiveAnalyzerFlag_ExpectObjWithEnglishAnalyzer" classname="com.lukas.app.services.CommandLineArgumentsServiceTest" time="0.002"/>
  <testcase name="receiveSimilaritiesAndAnalyzerFlags_ExpectObjWithTwoLists" classname="com.lukas.app.services.CommandLineArgumentsServiceTest" time="0.001"/>
</testsuite>